This file contains any messages produced by compilers while
running configure, to aid debugging if configure makes a mistake.

It was created by moblin-icon-theme configure 2.2.1, which was
generated by GNU Autoconf 2.63.  Invocation command line was

  $ ./configure --prefix=/usr

## --------- ##
## Platform. ##
## --------- ##

hostname = lola
uname -m = i686
uname -r = 2.6.31.12-174.2.3.fc12.i686
uname -s = Linux
uname -v = #1 SMP Mon Jan 18 20:22:46 UTC 2010

/usr/bin/uname -p = unknown
/bin/uname -X     = unknown

/bin/arch              = i686
/usr/bin/arch -k       = unknown
/usr/convex/getsysinfo = unknown
/usr/bin/hostinfo      = unknown
/bin/machine           = unknown
/usr/bin/oslevel       = unknown
/bin/universe          = unknown

PATH: /home/hbons/bin
PATH: /usr/lib/qt-3.3/bin
PATH: /usr/local/bin
PATH: /usr/bin
PATH: /bin
PATH: /usr/local/sbin
PATH: /usr/sbin
PATH: /sbin
PATH: /usr/local/bin


## ----------- ##
## Core tests. ##
## ----------- ##

configure:1788: checking for a BSD-compatible install
configure:1856: result: /usr/bin/install -c
configure:1867: checking whether build environment is sane
configure:1927: result: yes
configure:2068: checking for a thread-safe mkdir -p
configure:2107: result: /bin/mkdir -p
configure:2120: checking for gawk
configure:2136: found /usr/bin/gawk
configure:2147: result: gawk
configure:2158: checking whether make sets $(MAKE)
configure:2180: result: yes
configure:2257: checking how to create a ustar tar archive
configure:2270: tar --version
tar (GNU tar) 1.22
Copyright (C) 2009 Free Software Foundation, Inc.
License GPLv3+: GNU GPL version 3 or later <http://gnu.org/licenses/gpl.html>.
This is free software: you are free to change and redistribute it.
There is NO WARRANTY, to the extent permitted by law.

Written by John Gilmore and Jay Fenlason.
configure:2273: $? = 0
configure:2313: tardir=conftest.dir && eval tar --format=ustar -chf - "$tardir" >conftest.tar
configure:2316: $? = 0
configure:2320: tar -xf - <conftest.tar
configure:2323: $? = 0
configure:2336: result: gnutar
configure:2490: creating ./config.status

## ---------------------- ##
## Running config.status. ##
## ---------------------- ##

This file was extended by moblin-icon-theme config.status 2.2.1, which was
generated by GNU Autoconf 2.63.  Invocation command line was

  CONFIG_FILES    = 
  CONFIG_HEADERS  = 
  CONFIG_LINKS    = 
  CONFIG_COMMANDS = 
  $ ./config.status 

on lola

config.status:670: creating Makefile
config.status:670: creating 16x16/Makefile
config.status:670: creating 16x16/icons/Makefile
config.status:670: creating 24x24/Makefile
config.status:670: creating 24x24/icons/Makefile
config.status:670: creating 32x32/Makefile
config.status:670: creating 32x32/apps/Makefile
config.status:670: creating 48x48/Makefile
config.status:670: creating 48x48/apps/Makefile
config.status:670: creating 48x48/icons/Makefile

## ---------------- ##
## Cache variables. ##
## ---------------- ##

ac_cv_env_build_alias_set=
ac_cv_env_build_alias_value=
ac_cv_env_host_alias_set=
ac_cv_env_host_alias_value=
ac_cv_env_target_alias_set=
ac_cv_env_target_alias_value=
ac_cv_path_install='/usr/bin/install -c'
ac_cv_path_mkdir=/bin/mkdir
ac_cv_prog_AWK=gawk
ac_cv_prog_make_make_set=yes
am_cv_prog_tar_ustar=gnutar

## ----------------- ##
## Output variables. ##
## ----------------- ##

ACLOCAL='${SHELL} /home/hbons/Moblin/git/moblin-icon-theme/output/moblin/missing --run aclocal-1.11'
AMTAR='${SHELL} /home/hbons/Moblin/git/moblin-icon-theme/output/moblin/missing --run tar'
AUTOCONF='${SHELL} /home/hbons/Moblin/git/moblin-icon-theme/output/moblin/missing --run autoconf'
AUTOHEADER='${SHELL} /home/hbons/Moblin/git/moblin-icon-theme/output/moblin/missing --run autoheader'
AUTOMAKE='${SHELL} /home/hbons/Moblin/git/moblin-icon-theme/output/moblin/missing --run automake-1.11'
AWK='gawk'
CYGPATH_W='echo'
DEFS='-DPACKAGE_NAME=\"moblin-icon-theme\" -DPACKAGE_TARNAME=\"moblin-icon-theme\" -DPACKAGE_VERSION=\"2.2.1\" -DPACKAGE_STRING=\"moblin-icon-theme\ 2.2.1\" -DPACKAGE_BUGREPORT=\"\" -DPACKAGE=\"moblin-icon-theme\" -DVERSION=\"2.2.1\"'
ECHO_C=''
ECHO_N='-n'
ECHO_T=''
INSTALL_DATA='${INSTALL} -m 644'
INSTALL_PROGRAM='${INSTALL}'
INSTALL_SCRIPT='${INSTALL}'
INSTALL_STRIP_PROGRAM='$(install_sh) -c -s'
LIBOBJS=''
LIBS=''
LTLIBOBJS=''
MAKEINFO='${SHELL} /home/hbons/Moblin/git/moblin-icon-theme/output/moblin/missing --run makeinfo'
MKDIR_P='/bin/mkdir -p'
PACKAGE='moblin-icon-theme'
PACKAGE_BUGREPORT=''
PACKAGE_NAME='moblin-icon-theme'
PACKAGE_STRING='moblin-icon-theme 2.2.1'
PACKAGE_TARNAME='moblin-icon-theme'
PACKAGE_VERSION='2.2.1'
PATH_SEPARATOR=':'
SET_MAKE=''
SHELL='/bin/sh'
STRIP=''
VERSION='2.2.1'
am__isrc=''
am__leading_dot='.'
am__tar='tar --format=ustar -chf - "$$tardir"'
am__untar='tar -xf -'
bindir='${exec_prefix}/bin'
build_alias=''
datadir='${datarootdir}'
datarootdir='${prefix}/share'
docdir='${datarootdir}/doc/${PACKAGE_TARNAME}'
dvidir='${docdir}'
exec_prefix='${prefix}'
host_alias=''
htmldir='${docdir}'
includedir='${prefix}/include'
infodir='${datarootdir}/info'
install_sh='${SHELL} /home/hbons/Moblin/git/moblin-icon-theme/output/moblin/install-sh'
libdir='${exec_prefix}/lib'
libexecdir='${exec_prefix}/libexec'
localedir='${datarootdir}/locale'
localstatedir='${prefix}/var'
mandir='${datarootdir}/man'
mkdir_p='/bin/mkdir -p'
oldincludedir='/usr/include'
pdfdir='${docdir}'
prefix='/usr'
program_transform_name='s,x,x,'
psdir='${docdir}'
sbindir='${exec_prefix}/sbin'
sharedstatedir='${prefix}/com'
sysconfdir='${prefix}/etc'
target_alias=''
themedir='${datadir}/icons/'

## ----------- ##
## confdefs.h. ##
## ----------- ##

#define PACKAGE_NAME "moblin-icon-theme"
#define PACKAGE_TARNAME "moblin-icon-theme"
#define PACKAGE_VERSION "2.2.1"
#define PACKAGE_STRING "moblin-icon-theme 2.2.1"
#define PACKAGE_BUGREPORT ""
#define PACKAGE "moblin-icon-theme"
#define VERSION "2.2.1"

configure: exit 0
