This file contains any messages produced by compilers while
running configure, to aid debugging if configure makes a mistake.

It was created by moblin-icon-theme configure 0.1, which was
generated by GNU Autoconf 2.63.  Invocation command line was

  $ ./configure 

## --------- ##
## Platform. ##
## --------- ##

hostname = hbons-macbook
uname -m = x86_64
uname -r = 2.6.27.12-170.2.5.fc10.x86_64
uname -s = Linux
uname -v = #1 SMP Wed Jan 21 01:33:24 EST 2009

/usr/bin/uname -p = unknown
/bin/uname -X     = unknown

/bin/arch              = x86_64
/usr/bin/arch -k       = unknown
/usr/convex/getsysinfo = unknown
/usr/bin/hostinfo      = unknown
/bin/machine           = unknown
/usr/bin/oslevel       = unknown
/bin/universe          = unknown

PATH: /usr/lib64/qt-3.3/bin
PATH: /usr/kerberos/bin
PATH: /usr/lib64/ccache
PATH: /usr/local/bin
PATH: /usr/bin
PATH: /bin
PATH: /usr/local/sbin
PATH: /usr/sbin
PATH: /sbin
PATH: /home/hbons/bin


## ----------- ##
## Core tests. ##
## ----------- ##

configure:1797: checking for a BSD-compatible install
configure:1865: result: /usr/bin/install -c
configure:1876: checking whether build environment is sane
configure:1919: result: yes
configure:1940: WARNING: `missing' script is too old or missing
configure:1944: checking for a thread-safe mkdir -p
configure:1983: result: /bin/mkdir -p
configure:1996: checking for gawk
configure:2012: found /usr/bin/gawk
configure:2023: result: gawk
configure:2034: checking whether make sets $(MAKE)
configure:2056: result: yes
configure:2235: checking how to create a ustar tar archive
configure:2248: tar --version
tar (GNU tar) 1.20
Copyright (C) 2008 Free Software Foundation, Inc.
License GPLv3+: GNU GPL version 3 or later <http://gnu.org/licenses/gpl.html>
This is free software: you are free to change and redistribute it.
There is NO WARRANTY, to the extent permitted by law.

Written by John Gilmore and Jay Fenlason.
configure:2251: $? = 0
configure:2291: tardir=conftest.dir && eval tar --format=ustar -chf - "$tardir" >conftest.tar
configure:2294: $? = 0
configure:2298: tar -xf - <conftest.tar
configure:2301: $? = 0
configure:2314: result: gnutar
configure:2328: checking icon-naming-utils >= 0.8.7
configure:2379: checking for pkg-config
configure:2397: found /usr/bin/pkg-config
configure:2409: result: /usr/bin/pkg-config
configure:2434: checking pkg-config is at least version 0.9.0
configure:2437: result: yes
configure:2447: $PKG_CONFIG --exists --print-errors "icon-naming-utils >= $UTILS_REQUIRED"
configure:2450: $? = 0
configure:2460: result: yes
configure:2614: creating ./config.status

## ---------------------- ##
## Running config.status. ##
## ---------------------- ##

This file was extended by moblin-icon-theme config.status 0.1, which was
generated by GNU Autoconf 2.63.  Invocation command line was

  CONFIG_FILES    = 
  CONFIG_HEADERS  = 
  CONFIG_LINKS    = 
  CONFIG_COMMANDS = 
  $ ./config.status 

on hbons-macbook

config.status:719: creating Makefile
config.status:719: creating 16x16/Makefile
config.status:719: creating 16x16/actions/Makefile
config.status:719: creating 16x16/animations/Makefile
config.status:719: creating 16x16/apps/Makefile
config.status:719: creating 16x16/categories/Makefile
config.status:719: creating 16x16/devices/Makefile
config.status:719: creating 16x16/emblems/Makefile
config.status:719: creating 16x16/emotes/Makefile
config.status:719: creating 16x16/mimetypes/Makefile
config.status:719: creating 16x16/places/Makefile
config.status:719: creating 16x16/status/Makefile
config.status:719: creating 24x24/Makefile
config.status:719: creating 24x24/actions/Makefile
config.status:719: creating 24x24/animations/Makefile
config.status:719: creating 24x24/apps/Makefile
config.status:719: creating 24x24/categories/Makefile
config.status:719: creating 24x24/devices/Makefile
config.status:719: creating 24x24/emblems/Makefile
config.status:719: creating 24x24/emotes/Makefile
config.status:719: creating 24x24/mimetypes/Makefile
config.status:719: creating 24x24/places/Makefile
config.status:719: creating 24x24/status/Makefile
config.status:719: creating 32x32/Makefile
config.status:719: creating 32x32/actions/Makefile
config.status:719: creating 32x32/animations/Makefile
config.status:719: creating 32x32/apps/Makefile
config.status:719: creating 32x32/categories/Makefile
config.status:719: creating 32x32/devices/Makefile
config.status:719: creating 32x32/emblems/Makefile
config.status:719: creating 32x32/emotes/Makefile
config.status:719: creating 32x32/mimetypes/Makefile
config.status:719: creating 32x32/places/Makefile
config.status:719: creating 32x32/status/Makefile
config.status:719: creating 48x48/Makefile
config.status:719: creating 48x48/actions/Makefile
config.status:719: creating 48x48/apps/Makefile
config.status:719: creating 48x48/categories/Makefile
config.status:719: creating 48x48/devices/Makefile
config.status:719: creating 48x48/emblems/Makefile
config.status:719: creating 48x48/emotes/Makefile
config.status:719: creating 48x48/mimetypes/Makefile
config.status:719: creating 48x48/places/Makefile
config.status:719: creating 48x48/status/Makefile
config.status:719: creating 64x64/Makefile
config.status:719: creating 64x64/actions/Makefile
config.status:719: creating 64x64/apps/Makefile
config.status:719: creating 64x64/categories/Makefile
config.status:719: creating 64x64/devices/Makefile
config.status:719: creating 64x64/emblems/Makefile
config.status:719: creating 64x64/emotes/Makefile
config.status:719: creating 64x64/mimetypes/Makefile
config.status:719: creating 64x64/places/Makefile
config.status:719: creating 64x64/status/Makefile
config.status:703: error: cannot find input file: autom4te.cache/Makefile.in

## ---------------- ##
## Cache variables. ##
## ---------------- ##

ac_cv_env_PKG_CONFIG_set=
ac_cv_env_PKG_CONFIG_value=
ac_cv_env_build_alias_set=
ac_cv_env_build_alias_value=
ac_cv_env_host_alias_set=
ac_cv_env_host_alias_value=
ac_cv_env_target_alias_set=
ac_cv_env_target_alias_value=
ac_cv_path_ac_pt_PKG_CONFIG=/usr/bin/pkg-config
ac_cv_path_install='/usr/bin/install -c'
ac_cv_path_mkdir=/bin/mkdir
ac_cv_prog_AWK=gawk
ac_cv_prog_make_make_set=yes
am_cv_prog_tar_ustar=gnutar

## ----------------- ##
## Output variables. ##
## ----------------- ##

ACLOCAL='aclocal-1.10'
AMTAR='tar'
AUTOCONF='autoconf'
AUTOHEADER='autoheader'
AUTOMAKE='automake-1.10'
AWK='gawk'
CYGPATH_W='echo'
DEFS='-DPACKAGE_NAME=\"moblin-icon-theme\" -DPACKAGE_TARNAME=\"moblin-icon-theme\" -DPACKAGE_VERSION=\"0.1\" -DPACKAGE_STRING=\"moblin-icon-theme\ 0.1\" -DPACKAGE_BUGREPORT=\"\" -DPACKAGE=\"moblin-icon-theme\" -DVERSION=\"0.1\"'
ECHO_C=''
ECHO_N='-n'
ECHO_T=''
ICONMAP='/usr/bin/icon-name-mapping'
INSTALL_DATA='${INSTALL} -m 644'
INSTALL_PROGRAM='${INSTALL}'
INSTALL_SCRIPT='${INSTALL}'
INSTALL_STRIP_PROGRAM='$(install_sh) -c -s'
LIBOBJS=''
LIBS=''
LTLIBOBJS=''
MAKEINFO='makeinfo'
MKDIR_P='/bin/mkdir -p'
PACKAGE='moblin-icon-theme'
PACKAGE_BUGREPORT=''
PACKAGE_NAME='moblin-icon-theme'
PACKAGE_STRING='moblin-icon-theme 0.1'
PACKAGE_TARNAME='moblin-icon-theme'
PACKAGE_VERSION='0.1'
PATH_SEPARATOR=':'
PKG_CONFIG='/usr/bin/pkg-config'
SET_MAKE=''
SHELL='/bin/sh'
STRIP=''
VERSION='0.1'
am__isrc=''
am__leading_dot='.'
am__tar='tar --format=ustar -chf - "$$tardir"'
am__untar='tar -xf -'
bindir='${exec_prefix}/bin'
build_alias=''
datadir='${datarootdir}'
datarootdir='${prefix}/share'
docdir='${datarootdir}/doc/${PACKAGE_TARNAME}'
dvidir='${docdir}'
exec_prefix='${prefix}'
host_alias=''
htmldir='${docdir}'
includedir='${prefix}/include'
infodir='${datarootdir}/info'
install_sh='$(SHELL) /home/hbons/Desktop/Work/git/moblin-icon-theme/Moblin Netbook/install-sh'
libdir='${exec_prefix}/lib'
libexecdir='${exec_prefix}/libexec'
localedir='${datarootdir}/locale'
localstatedir='${prefix}/var'
mandir='${datarootdir}/man'
mkdir_p='/bin/mkdir -p'
oldincludedir='/usr/include'
pdfdir='${docdir}'
prefix='/usr/local'
program_transform_name='s,x,x,'
psdir='${docdir}'
sbindir='${exec_prefix}/sbin'
sharedstatedir='${prefix}/com'
sysconfdir='${prefix}/etc'
target_alias=''
themedir='${datadir}/icons/'

## ----------- ##
## confdefs.h. ##
## ----------- ##

#define PACKAGE_NAME "moblin-icon-theme"
#define PACKAGE_TARNAME "moblin-icon-theme"
#define PACKAGE_VERSION "0.1"
#define PACKAGE_STRING "moblin-icon-theme 0.1"
#define PACKAGE_BUGREPORT ""
#define PACKAGE "moblin-icon-theme"
#define VERSION "0.1"

configure: exit 1
